2019-53-05 20:53:48 run_spider.py[line:35] ERROR HTTPSConnectionPool(host='list.proxylistplus.com', port=443): Max retries exceeded with url: /Fresh-HTTP-Proxy-List-1 (Caused by NewConnectionError('<urllib3.connection.VerifiedHTTPSConnection object at 0x0000020E1F59D3C8>: Failed to establish a new connection: [Errno 11002] getaddrinfo failed',))
Traceback (most recent call last):
  File "H:\py_project\算法与数据结构\venv\lib\site-packages\urllib3\connection.py", line 160, in _new_conn
    (self._dns_host, self.port), self.timeout, **extra_kw)
  File "H:\py_project\算法与数据结构\venv\lib\site-packages\urllib3\util\connection.py", line 57, in create_connection
    for res in socket.getaddrinfo(host, port, family, socket.SOCK_STREAM):
  File "H:\py_project\算法与数据结构\venv\lib\site-packages\gevent\_socketcommon.py", line 212, in getaddrinfo
    addrlist = get_hub().resolver.getaddrinfo(host, port, family, type, proto, flags)
  File "H:\py_project\算法与数据结构\venv\lib\site-packages\gevent\resolver\thread.py", line 65, in getaddrinfo
    return self.pool.apply(_socket.getaddrinfo, args, kwargs)
  File "H:\py_project\算法与数据结构\venv\lib\site-packages\gevent\pool.py", line 159, in apply
    return self.spawn(func, *args, **kwds).get()
  File "src\gevent\event.py", line 268, in gevent._event.AsyncResult.get
  File "src\gevent\event.py", line 296, in gevent._event.AsyncResult.get
  File "src\gevent\event.py", line 286, in gevent._event.AsyncResult.get
  File "src\gevent\event.py", line 266, in gevent._event.AsyncResult._raise_exception
  File "H:\py_project\算法与数据结构\venv\lib\site-packages\gevent\_compat.py", line 47, in reraise
    raise value.with_traceback(tb)
  File "H:\py_project\算法与数据结构\venv\lib\site-packages\gevent\threadpool.py", line 281, in _worker
    value = func(*args, **kwargs)
socket.gaierror: [Errno 11002] getaddrinfo failed

During handling of the above exception, another exception occurred:

Traceback (most recent call last):
  File "H:\py_project\算法与数据结构\venv\lib\site-packages\urllib3\connectionpool.py", line 603, in urlopen
    chunked=chunked)
  File "H:\py_project\算法与数据结构\venv\lib\site-packages\urllib3\connectionpool.py", line 344, in _make_request
    self._validate_conn(conn)
  File "H:\py_project\算法与数据结构\venv\lib\site-packages\urllib3\connectionpool.py", line 843, in _validate_conn
    conn.connect()
  File "H:\py_project\算法与数据结构\venv\lib\site-packages\urllib3\connection.py", line 316, in connect
    conn = self._new_conn()
  File "H:\py_project\算法与数据结构\venv\lib\site-packages\urllib3\connection.py", line 169, in _new_conn
    self, "Failed to establish a new connection: %s" % e)
urllib3.exceptions.NewConnectionError: <urllib3.connection.VerifiedHTTPSConnection object at 0x0000020E1F59D3C8>: Failed to establish a new connection: [Errno 11002] getaddrinfo failed

During handling of the above exception, another exception occurred:

Traceback (most recent call last):
  File "H:\py_project\算法与数据结构\venv\lib\site-packages\requests\adapters.py", line 449, in send
    timeout=timeout
  File "H:\py_project\算法与数据结构\venv\lib\site-packages\urllib3\connectionpool.py", line 641, in urlopen
    _stacktrace=sys.exc_info()[2])
  File "H:\py_project\算法与数据结构\venv\lib\site-packages\urllib3\util\retry.py", line 399, in increment
    raise MaxRetryError(_pool, url, error or ResponseError(cause))
urllib3.exceptions.MaxRetryError: HTTPSConnectionPool(host='list.proxylistplus.com', port=443): Max retries exceeded with url: /Fresh-HTTP-Proxy-List-1 (Caused by NewConnectionError('<urllib3.connection.VerifiedHTTPSConnection object at 0x0000020E1F59D3C8>: Failed to establish a new connection: [Errno 11002] getaddrinfo failed',))

During handling of the above exception, another exception occurred:

Traceback (most recent call last):
  File "H:\py_project\算法与数据结构\ip代理池\core\proxy_spider\run_spider.py", line 28, in _execute_one_spider
    for proxy in spider.get_proxies():
  File "H:\py_project\算法与数据结构\ip代理池\core\proxy_spider\base_spider.py", line 53, in get_proxies
    page = self.get_page_from_url(url)
  File "H:\py_project\算法与数据结构\ip代理池\core\proxy_spider\base_spider.py", line 28, in get_page_from_url
    response=requests.get(url,headers=get_request_header())
  File "H:\py_project\算法与数据结构\venv\lib\site-packages\requests\api.py", line 75, in get
    return request('get', url, params=params, **kwargs)
  File "H:\py_project\算法与数据结构\venv\lib\site-packages\requests\api.py", line 60, in request
    return session.request(method=method, url=url, **kwargs)
  File "H:\py_project\算法与数据结构\venv\lib\site-packages\requests\sessions.py", line 533, in request
    resp = self.send(prep, **send_kwargs)
  File "H:\py_project\算法与数据结构\venv\lib\site-packages\requests\sessions.py", line 646, in send
    r = adapter.send(request, **kwargs)
  File "H:\py_project\算法与数据结构\venv\lib\site-packages\requests\adapters.py", line 516, in send
    raise ConnectionError(e, request=request)
requests.exceptions.ConnectionError: HTTPSConnectionPool(host='list.proxylistplus.com', port=443): Max retries exceeded with url: /Fresh-HTTP-Proxy-List-1 (Caused by NewConnectionError('<urllib3.connection.VerifiedHTTPSConnection object at 0x0000020E1F59D3C8>: Failed to establish a new connection: [Errno 11002] getaddrinfo failed',))
2019-53-05 20:53:50 httpbin_validator.py[line:46] INFO {'ip': '115.159.31.195', 'port': '8080', 'protocol': 0, 'nick_type': 2, 'speed': 0.67, 'area': '中国上海上海', 'score': 50, 'disable_domain': []}
2019-53-05 20:53:50 mongo_pool.py[line:33] WARNING 已经存在代理:{'ip': '115.159.31.195', 'port': '8080', 'protocol': 0, 'nick_type': 2, 'speed': 0.67, 'area': '中国上海上海', 'score': 50, 'disable_domain': []}
2019-54-05 20:54:10 run_spider.py[line:35] ERROR HTTPSConnectionPool(host='list.proxylistplus.com', port=443): Max retries exceeded with url: /Fresh-HTTP-Proxy-List-1 (Caused by NewConnectionError('<urllib3.connection.VerifiedHTTPSConnection object at 0x000001F7E6A4F160>: Failed to establish a new connection: [Errno 11002] getaddrinfo failed',))
Traceback (most recent call last):
  File "H:\py_project\算法与数据结构\venv\lib\site-packages\urllib3\connection.py", line 160, in _new_conn
    (self._dns_host, self.port), self.timeout, **extra_kw)
  File "H:\py_project\算法与数据结构\venv\lib\site-packages\urllib3\util\connection.py", line 57, in create_connection
    for res in socket.getaddrinfo(host, port, family, socket.SOCK_STREAM):
  File "H:\py_project\算法与数据结构\venv\lib\site-packages\gevent\_socketcommon.py", line 212, in getaddrinfo
    addrlist = get_hub().resolver.getaddrinfo(host, port, family, type, proto, flags)
  File "H:\py_project\算法与数据结构\venv\lib\site-packages\gevent\resolver\thread.py", line 65, in getaddrinfo
    return self.pool.apply(_socket.getaddrinfo, args, kwargs)
  File "H:\py_project\算法与数据结构\venv\lib\site-packages\gevent\pool.py", line 159, in apply
    return self.spawn(func, *args, **kwds).get()
  File "src\gevent\event.py", line 268, in gevent._event.AsyncResult.get
  File "src\gevent\event.py", line 296, in gevent._event.AsyncResult.get
  File "src\gevent\event.py", line 286, in gevent._event.AsyncResult.get
  File "src\gevent\event.py", line 266, in gevent._event.AsyncResult._raise_exception
  File "H:\py_project\算法与数据结构\venv\lib\site-packages\gevent\_compat.py", line 47, in reraise
    raise value.with_traceback(tb)
  File "H:\py_project\算法与数据结构\venv\lib\site-packages\gevent\threadpool.py", line 281, in _worker
    value = func(*args, **kwargs)
socket.gaierror: [Errno 11002] getaddrinfo failed

During handling of the above exception, another exception occurred:

Traceback (most recent call last):
  File "H:\py_project\算法与数据结构\venv\lib\site-packages\urllib3\connectionpool.py", line 603, in urlopen
    chunked=chunked)
  File "H:\py_project\算法与数据结构\venv\lib\site-packages\urllib3\connectionpool.py", line 344, in _make_request
    self._validate_conn(conn)
  File "H:\py_project\算法与数据结构\venv\lib\site-packages\urllib3\connectionpool.py", line 843, in _validate_conn
    conn.connect()
  File "H:\py_project\算法与数据结构\venv\lib\site-packages\urllib3\connection.py", line 316, in connect
    conn = self._new_conn()
  File "H:\py_project\算法与数据结构\venv\lib\site-packages\urllib3\connection.py", line 169, in _new_conn
    self, "Failed to establish a new connection: %s" % e)
urllib3.exceptions.NewConnectionError: <urllib3.connection.VerifiedHTTPSConnection object at 0x000001F7E6A4F160>: Failed to establish a new connection: [Errno 11002] getaddrinfo failed

During handling of the above exception, another exception occurred:

Traceback (most recent call last):
  File "H:\py_project\算法与数据结构\venv\lib\site-packages\requests\adapters.py", line 449, in send
    timeout=timeout
  File "H:\py_project\算法与数据结构\venv\lib\site-packages\urllib3\connectionpool.py", line 641, in urlopen
    _stacktrace=sys.exc_info()[2])
  File "H:\py_project\算法与数据结构\venv\lib\site-packages\urllib3\util\retry.py", line 399, in increment
    raise MaxRetryError(_pool, url, error or ResponseError(cause))
urllib3.exceptions.MaxRetryError: HTTPSConnectionPool(host='list.proxylistplus.com', port=443): Max retries exceeded with url: /Fresh-HTTP-Proxy-List-1 (Caused by NewConnectionError('<urllib3.connection.VerifiedHTTPSConnection object at 0x000001F7E6A4F160>: Failed to establish a new connection: [Errno 11002] getaddrinfo failed',))

During handling of the above exception, another exception occurred:

Traceback (most recent call last):
  File "H:\py_project\算法与数据结构\ip代理池\core\proxy_spider\run_spider.py", line 28, in _execute_one_spider
    for proxy in spider.get_proxies():
  File "H:\py_project\算法与数据结构\ip代理池\core\proxy_spider\base_spider.py", line 53, in get_proxies
    page = self.get_page_from_url(url)
  File "H:\py_project\算法与数据结构\ip代理池\core\proxy_spider\base_spider.py", line 28, in get_page_from_url
    response=requests.get(url,headers=get_request_header())
  File "H:\py_project\算法与数据结构\venv\lib\site-packages\requests\api.py", line 75, in get
    return request('get', url, params=params, **kwargs)
  File "H:\py_project\算法与数据结构\venv\lib\site-packages\requests\api.py", line 60, in request
    return session.request(method=method, url=url, **kwargs)
  File "H:\py_project\算法与数据结构\venv\lib\site-packages\requests\sessions.py", line 533, in request
    resp = self.send(prep, **send_kwargs)
  File "H:\py_project\算法与数据结构\venv\lib\site-packages\requests\sessions.py", line 646, in send
    r = adapter.send(request, **kwargs)
  File "H:\py_project\算法与数据结构\venv\lib\site-packages\requests\adapters.py", line 516, in send
    raise ConnectionError(e, request=request)
requests.exceptions.ConnectionError: HTTPSConnectionPool(host='list.proxylistplus.com', port=443): Max retries exceeded with url: /Fresh-HTTP-Proxy-List-1 (Caused by NewConnectionError('<urllib3.connection.VerifiedHTTPSConnection object at 0x000001F7E6A4F160>: Failed to establish a new connection: [Errno 11002] getaddrinfo failed',))
2019-54-05 20:54:13 httpbin_validator.py[line:46] INFO {'ip': '115.159.31.195', 'port': '8080', 'protocol': 0, 'nick_type': 2, 'speed': 0.7, 'area': '中国上海上海', 'score': 50, 'disable_domain': []}
2019-54-05 20:54:13 mongo_pool.py[line:33] WARNING 已经存在代理:{'ip': '115.159.31.195', 'port': '8080', 'protocol': 0, 'nick_type': 2, 'speed': 0.7, 'area': '中国上海上海', 'score': 50, 'disable_domain': []}
2019-54-05 20:54:14 httpbin_validator.py[line:46] INFO {'ip': '27.43.190.210', 'port': '9999', 'protocol': -1, 'nick_type': -1, 'speed': -1, 'area': '广东梅州', 'score': 50, 'disable_domain': []}
2019-54-05 20:54:27 httpbin_validator.py[line:46] INFO {'ip': '39.137.69.10', 'port': '8080', 'protocol': 0, 'nick_type': 2, 'speed': 3.71, 'area': '中国天津天津', 'score': 50, 'disable_domain': []}
2019-54-05 20:54:27 mongo_pool.py[line:33] WARNING 已经存在代理:{'ip': '39.137.69.10', 'port': '8080', 'protocol': 0, 'nick_type': 2, 'speed': 3.71, 'area': '中国天津天津', 'score': 50, 'disable_domain': []}
2019-54-05 20:54:44 httpbin_validator.py[line:46] INFO {'ip': '163.204.240.39', 'port': '9999', 'protocol': -1, 'nick_type': -1, 'speed': -1, 'area': '广东', 'score': 50, 'disable_domain': []}
2019-54-05 20:54:56 httpbin_validator.py[line:46] INFO {'ip': '39.137.69.7', 'port': '8080', 'protocol': -1, 'nick_type': -1, 'speed': -1, 'area': '中国天津天津', 'score': 50, 'disable_domain': []}
2019-54-05 20:54:56 httpbin_validator.py[line:46] INFO {'ip': '39.137.69.9', 'port': '8080', 'protocol': -1, 'nick_type': -1, 'speed': -1, 'area': '中国天津天津', 'score': 50, 'disable_domain': []}
2019-55-05 20:55:17 httpbin_validator.py[line:46] INFO {'ip': '163.204.240.62', 'port': '9999', 'protocol': -1, 'nick_type': -1, 'speed': -1, 'area': '广东', 'score': 50, 'disable_domain': []}
2019-55-05 20:55:26 httpbin_validator.py[line:46] INFO {'ip': '223.99.214.21', 'port': '53281', 'protocol': -1, 'nick_type': -1, 'speed': -1, 'area': '中国山东省济宁市', 'score': 50, 'disable_domain': []}
2019-57-05 20:57:05 proxy_test.py[line:42] INFO {'ip': '163.204.242.147', 'port': '9999', 'protocol': -1, 'nick_type': -1, 'speed': -1, 'area': '广东', 'score': 45, 'disable_domain': []}
2019-57-05 20:57:05 proxy_test.py[line:42] INFO {'ip': '39.137.69.10', 'port': '8080', 'protocol': 0, 'nick_type': 2, 'speed': 0.71, 'area': '中国天津天津', 'score': 50, 'disable_domain': []}
2019-57-05 20:57:05 proxy_test.py[line:42] INFO {'ip': '39.137.69.7', 'port': '8080', 'protocol': 0, 'nick_type': 2, 'speed': 0.69, 'area': '中国天津天津', 'score': 50, 'disable_domain': []}
2019-57-05 20:57:05 proxy_test.py[line:42] INFO {'ip': '117.191.11.73', 'port': '80', 'protocol': -1, 'nick_type': -1, 'speed': -1, 'area': '中国新疆喀什', 'score': 49, 'disable_domain': []}
2019-57-05 20:57:05 proxy_test.py[line:42] INFO {'ip': '117.191.11.108', 'port': '80', 'protocol': -1, 'nick_type': -1, 'speed': -1, 'area': '中国新疆伊犁', 'score': 49, 'disable_domain': []}
2019-57-05 20:57:05 proxy_test.py[line:42] INFO {'ip': '115.231.5.230', 'port': '44524', 'protocol': -1, 'nick_type': -1, 'speed': -1, 'area': '中国浙江绍兴', 'score': 48, 'disable_domain': []}
2019-57-05 20:57:05 proxy_test.py[line:42] INFO {'ip': '115.159.31.195', 'port': '8080', 'protocol': 0, 'nick_type': 2, 'speed': 0.61, 'area': '中国上海上海', 'score': 50, 'disable_domain': []}
2019-57-05 20:57:05 proxy_test.py[line:42] INFO {'ip': '119.28.203.242', 'port': '8000', 'protocol': 0, 'nick_type': 2, 'speed': 0.53, 'area': '香港香港XX', 'score': 50, 'disable_domain': []}
2019-57-05 20:57:05 proxy_test.py[line:42] INFO {'ip': '112.17.65.133', 'port': '8060', 'protocol': -1, 'nick_type': -1, 'speed': -1, 'area': '', 'score': 48, 'disable_domain': []}
2019-57-05 20:57:05 proxy_test.py[line:42] INFO {'ip': '39.137.69.6', 'port': '8080', 'protocol': 0, 'nick_type': 2, 'speed': 0.69, 'area': '', 'score': 50, 'disable_domain': []}
2019-57-05 20:57:05 proxy_test.py[line:42] INFO {'ip': '88.147.244.124', 'port': '8080', 'protocol': 0, 'nick_type': 2, 'speed': 1.2, 'area': '', 'score': 50, 'disable_domain': []}
2019-57-05 20:57:05 proxy_test.py[line:42] INFO {'ip': '169.239.40.1', 'port': '53281', 'protocol': -1, 'nick_type': -1, 'speed': -1, 'area': '喀麦隆', 'score': 49, 'disable_domain': []}
2019-57-05 20:57:05 proxy_test.py[line:42] INFO {'ip': '96.9.69.164', 'port': '53281', 'protocol': 0, 'nick_type': 2, 'speed': 5.35, 'area': '柬埔寨', 'score': 50, 'disable_domain': []}
2019-57-05 20:57:05 proxy_test.py[line:42] INFO {'ip': '111.125.87.199', 'port': '53281', 'protocol': -1, 'nick_type': -1, 'speed': -1, 'area': '菲律宾', 'score': 49, 'disable_domain': []}
2019-57-05 20:57:05 proxy_test.py[line:42] INFO {'ip': '171.13.103.128', 'port': '9999', 'protocol': -1, 'nick_type': -1, 'speed': -1, 'area': '河南', 'score': 49, 'disable_domain': []}
2019-57-05 20:57:05 proxy_test.py[line:42] INFO {'ip': '182.35.86.234', 'port': '9999', 'protocol': 2, 'nick_type': 2, 'speed': 2.82, 'area': '山东泰安', 'score': 50, 'disable_domain': []}
2019-57-05 20:57:05 proxy_test.py[line:42] INFO {'ip': '183.128.167.248', 'port': '8118', 'protocol': 0, 'nick_type': 2, 'speed': 0.64, 'area': '浙江杭州', 'score': 50, 'disable_domain': []}
2019-57-05 20:57:05 proxy_test.py[line:42] INFO {'ip': '183.157.84.221', 'port': '8118', 'protocol': 0, 'nick_type': 2, 'speed': 0.67, 'area': '浙江杭州', 'score': 50, 'disable_domain': []}
2019-57-05 20:57:05 proxy_test.py[line:42] INFO {'ip': '124.226.138.210', 'port': '8118', 'protocol': 0, 'nick_type': 2, 'speed': 3.59, 'area': '广西梧州', 'score': 50, 'disable_domain': []}
2019-57-05 20:57:05 proxy_test.py[line:42] INFO {'ip': '221.236.120.76', 'port': '8118', 'protocol': 0, 'nick_type': 2, 'speed': 0.63, 'area': '四川宜宾', 'score': 50, 'disable_domain': []}
2019-57-05 20:57:05 proxy_test.py[line:42] INFO {'ip': '218.27.84.219', 'port': '8118', 'protocol': 0, 'nick_type': 2, 'speed': 0.7, 'area': '吉林长春', 'score': 50, 'disable_domain': []}
2019-57-05 20:57:06 _internal.py[line:122] INFO  * Running on http://127.0.0.1:16889/ (Press CTRL+C to quit)
2019-57-05 20:57:09 httpbin_validator.py[line:46] INFO {'ip': '115.159.31.195', 'port': '8080', 'protocol': 0, 'nick_type': 2, 'speed': 0.9, 'area': '中国上海上海', 'score': 50, 'disable_domain': []}
2019-57-05 20:57:09 mongo_pool.py[line:33] WARNING 已经存在代理:{'ip': '115.159.31.195', 'port': '8080', 'protocol': 0, 'nick_type': 2, 'speed': 0.9, 'area': '中国上海上海', 'score': 50, 'disable_domain': []}
2019-57-05 20:57:09 _internal.py[line:122] INFO 127.0.0.1 - - [05/Aug/2019 20:57:09] "GET /proxies?protocol=http HTTP/1.1" 200 -
2019-57-05 20:57:13 _internal.py[line:122] INFO 127.0.0.1 - - [05/Aug/2019 20:57:13] "GET /proxies?protocol=http HTTP/1.1" 200 -
2019-57-05 20:57:21 _internal.py[line:122] INFO 127.0.0.1 - - [05/Aug/2019 20:57:21] "GET /proxies?protocol=http HTTP/1.1" 200 -
2019-57-05 20:57:29 _internal.py[line:122] INFO 127.0.0.1 - - [05/Aug/2019 20:57:29] "GET /random?protocol=http HTTP/1.1" 200 -
2019-57-05 20:57:29 httpbin_validator.py[line:46] INFO {'ip': '39.137.69.10', 'port': '8080', 'protocol': -1, 'nick_type': -1, 'speed': -1, 'area': '中国天津天津', 'score': 50, 'disable_domain': []}
2019-57-05 20:57:35 httpbin_validator.py[line:46] INFO {'ip': '163.204.242.147', 'port': '9999', 'protocol': -1, 'nick_type': -1, 'speed': -1, 'area': '广东', 'score': 45, 'disable_domain': []}
2019-57-05 20:57:39 httpbin_validator.py[line:46] INFO {'ip': '27.43.190.210', 'port': '9999', 'protocol': -1, 'nick_type': -1, 'speed': -1, 'area': '广东梅州', 'score': 50, 'disable_domain': []}
2019-57-05 20:57:39 httpbin_validator.py[line:46] INFO {'ip': '110.77.134.112', 'port': '8080', 'protocol': -1, 'nick_type': -1, 'speed': -1, 'area': 'Thailand', 'score': 50, 'disable_domain': []}
2019-57-05 20:57:48 httpbin_validator.py[line:46] INFO {'ip': '39.137.69.7', 'port': '8080', 'protocol': 0, 'nick_type': 2, 'speed': 2.27, 'area': '中国天津天津', 'score': 50, 'disable_domain': []}
2019-57-05 20:57:48 httpbin_validator.py[line:46] INFO {'ip': '39.137.69.10', 'port': '8080', 'protocol': 0, 'nick_type': 2, 'speed': 2.62, 'area': '中国天津天津', 'score': 50, 'disable_domain': []}
2019-57-05 20:57:50 httpbin_validator.py[line:46] INFO {'ip': '39.137.69.7', 'port': '8080', 'protocol': -1, 'nick_type': -1, 'speed': -1, 'area': '中国天津天津', 'score': 50, 'disable_domain': []}
2019-57-05 20:57:51 httpbin_validator.py[line:46] INFO {'ip': '39.137.69.9', 'port': '8080', 'protocol': -1, 'nick_type': -1, 'speed': -1, 'area': '中国天津天津', 'score': 50, 'disable_domain': []}
2019-57-05 20:57:55 _internal.py[line:122] INFO 127.0.0.1 - - [05/Aug/2019 20:57:55] "GET /random?protocol=http HTTP/1.1" 200 -
2019-57-05 20:57:56 _internal.py[line:122] INFO 127.0.0.1 - - [05/Aug/2019 20:57:56] "GET /random?protocol=http HTTP/1.1" 200 -
2019-57-05 20:57:57 _internal.py[line:122] INFO 127.0.0.1 - - [05/Aug/2019 20:57:57] "GET /random?protocol=http HTTP/1.1" 200 -
2019-57-05 20:57:57 _internal.py[line:122] INFO 127.0.0.1 - - [05/Aug/2019 20:57:57] "GET /random?protocol=http HTTP/1.1" 200 -
2019-57-05 20:57:58 _internal.py[line:122] INFO 127.0.0.1 - - [05/Aug/2019 20:57:58] "GET /random?protocol=http HTTP/1.1" 200 -
2019-58-05 20:58:00 httpbin_validator.py[line:46] INFO {'ip': '117.191.11.73', 'port': '80', 'protocol': 0, 'nick_type': 2, 'speed': 0.98, 'area': '中国新疆喀什', 'score': 49, 'disable_domain': []}
2019-58-05 20:58:00 httpbin_validator.py[line:46] INFO {'ip': '115.159.31.195', 'port': '8080', 'protocol': 0, 'nick_type': 2, 'speed': 0.63, 'area': '中国上海上海', 'score': 50, 'disable_domain': []}
2019-58-05 20:58:02 httpbin_validator.py[line:46] INFO {'ip': '119.28.203.242', 'port': '8000', 'protocol': 0, 'nick_type': 2, 'speed': 1.54, 'area': '香港香港XX', 'score': 50, 'disable_domain': []}
2019-58-05 20:58:03 httpbin_validator.py[line:46] INFO {'ip': '112.17.65.133', 'port': '8060', 'protocol': 0, 'nick_type': 2, 'speed': 0.86, 'area': '', 'score': 48, 'disable_domain': []}
2019-58-05 20:58:09 httpbin_validator.py[line:46] INFO {'ip': '178.19.97.1', 'port': '8088', 'protocol': -1, 'nick_type': -1, 'speed': -1, 'area': 'Poland', 'score': 50, 'disable_domain': []}
2019-58-05 20:58:10 httpbin_validator.py[line:46] INFO {'ip': '117.191.11.108', 'port': '80', 'protocol': -1, 'nick_type': -1, 'speed': -1, 'area': '中国新疆伊犁', 'score': 49, 'disable_domain': []}
2019-58-05 20:58:11 httpbin_validator.py[line:46] INFO {'ip': '163.204.240.39', 'port': '9999', 'protocol': -1, 'nick_type': -1, 'speed': -1, 'area': '广东', 'score': 50, 'disable_domain': []}
2019-58-05 20:58:17 httpbin_validator.py[line:46] INFO {'ip': '39.137.69.6', 'port': '8080', 'protocol': 0, 'nick_type': 2, 'speed': 3.75, 'area': '', 'score': 50, 'disable_domain': []}
2019-58-05 20:58:18 httpbin_validator.py[line:46] INFO {'ip': '115.231.5.230', 'port': '44524', 'protocol': -1, 'nick_type': -1, 'speed': -1, 'area': '中国浙江绍兴', 'score': 48, 'disable_domain': []}
2019-58-05 20:58:21 httpbin_validator.py[line:46] INFO {'ip': '223.99.214.21', 'port': '53281', 'protocol': -1, 'nick_type': -1, 'speed': -1, 'area': '中国山东省济宁市', 'score': 50, 'disable_domain': []}
2019-58-05 20:58:22 httpbin_validator.py[line:46] INFO {'ip': '88.147.244.124', 'port': '8080', 'protocol': 0, 'nick_type': 2, 'speed': 10.11, 'area': '', 'score': 50, 'disable_domain': []}
2019-58-05 20:58:39 httpbin_validator.py[line:46] INFO {'ip': '71.41.27.245', 'port': '8080', 'protocol': -1, 'nick_type': -1, 'speed': -1, 'area': 'United States', 'score': 50, 'disable_domain': []}
2019-58-05 20:58:40 httpbin_validator.py[line:46] INFO {'ip': '169.239.40.1', 'port': '53281', 'protocol': -1, 'nick_type': -1, 'speed': -1, 'area': '喀麦隆', 'score': 49, 'disable_domain': []}
2019-58-05 20:58:41 httpbin_validator.py[line:46] INFO {'ip': '183.128.167.248', 'port': '8118', 'protocol': 0, 'nick_type': 2, 'speed': 0.62, 'area': '浙江杭州', 'score': 50, 'disable_domain': []}
2019-58-05 20:58:41 httpbin_validator.py[line:46] INFO {'ip': '163.204.240.62', 'port': '9999', 'protocol': -1, 'nick_type': -1, 'speed': -1, 'area': '广东', 'score': 50, 'disable_domain': []}
2019-58-05 20:58:45 httpbin_validator.py[line:46] INFO {'ip': '211.159.171.58', 'port': '80', 'protocol': -1, 'nick_type': -1, 'speed': -1, 'area': '中国北京市北京市', 'score': 50, 'disable_domain': []}
2019-58-05 20:58:47 httpbin_validator.py[line:46] INFO {'ip': '96.9.69.164', 'port': '53281', 'protocol': 0, 'nick_type': 2, 'speed': 14.21, 'area': '柬埔寨', 'score': 50, 'disable_domain': []}
2019-58-05 20:58:47 httpbin_validator.py[line:46] INFO {'ip': '124.226.138.210', 'port': '8118', 'protocol': -1, 'nick_type': -1, 'speed': -1, 'area': '广西梧州', 'score': 50, 'disable_domain': []}
2019-58-05 20:58:47 httpbin_validator.py[line:46] INFO {'ip': '221.236.120.76', 'port': '8118', 'protocol': -1, 'nick_type': -1, 'speed': -1, 'area': '四川宜宾', 'score': 50, 'disable_domain': []}
2019-58-05 20:58:48 httpbin_validator.py[line:46] INFO {'ip': '111.125.87.199', 'port': '53281', 'protocol': -1, 'nick_type': -1, 'speed': -1, 'area': '菲律宾', 'score': 49, 'disable_domain': []}
2019-58-05 20:58:51 httpbin_validator.py[line:46] INFO {'ip': '218.27.84.219', 'port': '8118', 'protocol': -1, 'nick_type': -1, 'speed': -1, 'area': '吉林长春', 'score': 50, 'disable_domain': []}
2019-58-05 20:58:52 httpbin_validator.py[line:46] INFO {'ip': '171.13.103.128', 'port': '9999', 'protocol': -1, 'nick_type': -1, 'speed': -1, 'area': '河南', 'score': 49, 'disable_domain': []}
2019-58-05 20:58:52 httpbin_validator.py[line:46] INFO {'ip': '182.35.86.234', 'port': '9999', 'protocol': -1, 'nick_type': -1, 'speed': -1, 'area': '山东泰安', 'score': 50, 'disable_domain': []}
2019-59-05 20:59:09 httpbin_validator.py[line:46] INFO {'ip': '176.106.120.82', 'port': '8080', 'protocol': -1, 'nick_type': -1, 'speed': -1, 'area': 'Serbia', 'score': 50, 'disable_domain': []}
2019-59-05 20:59:11 httpbin_validator.py[line:46] INFO {'ip': '183.157.84.221', 'port': '8118', 'protocol': -1, 'nick_type': -1, 'speed': -1, 'area': '浙江杭州', 'score': 50, 'disable_domain': []}
2019-59-05 20:59:11 httpbin_validator.py[line:46] INFO {'ip': '163.204.243.190', 'port': '9999', 'protocol': -1, 'nick_type': -1, 'speed': -1, 'area': '广东', 'score': 50, 'disable_domain': []}
2019-59-05 20:59:15 httpbin_validator.py[line:46] INFO {'ip': '61.135.155.82', 'port': '443', 'protocol': -1, 'nick_type': -1, 'speed': -1, 'area': '中国北京市北京市', 'score': 50, 'disable_domain': []}
2019-59-05 20:59:16 httpbin_validator.py[line:46] INFO {'ip': '124.42.7.103', 'port': '80', 'protocol': -1, 'nick_type': -1, 'speed': -1, 'area': '中国北京市北京市', 'score': 50, 'disable_domain': []}
2019-59-05 20:59:16 httpbin_validator.py[line:46] INFO {'ip': '122.228.179.178', 'port': '80', 'protocol': -1, 'nick_type': -1, 'speed': -1, 'area': '中国浙江省温州市', 'score': 50, 'disable_domain': []}
2019-59-05 20:59:39 httpbin_validator.py[line:46] INFO {'ip': '190.104.170.234', 'port': '8080', 'protocol': -1, 'nick_type': -1, 'speed': -1, 'area': 'Paraguay', 'score': 50, 'disable_domain': []}
2019-59-05 20:59:41 httpbin_validator.py[line:46] INFO {'ip': '163.204.240.163', 'port': '9999', 'protocol': -1, 'nick_type': -1, 'speed': -1, 'area': '广东', 'score': 50, 'disable_domain': []}
2019-59-05 20:59:46 httpbin_validator.py[line:46] INFO {'ip': '153.35.185.71', 'port': '80', 'protocol': -1, 'nick_type': -1, 'speed': -1, 'area': '中国江苏省无锡市', 'score': 50, 'disable_domain': []}
2019-59-05 20:59:46 httpbin_validator.py[line:46] INFO {'ip': '118.178.227.171', 'port': '80', 'protocol': -1, 'nick_type': -1, 'speed': -1, 'area': '中国浙江省杭州市', 'score': 50, 'disable_domain': []}
2019-59-05 20:59:58 httpbin_validator.py[line:46] INFO {'ip': '117.191.11.73', 'port': '80', 'protocol': 0, 'nick_type': 2, 'speed': 0.98, 'area': '中国新疆喀什', 'score': 50, 'disable_domain': []}
2019-59-05 20:59:58 mongo_pool.py[line:33] WARNING 已经存在代理:{'ip': '117.191.11.73', 'port': '80', 'protocol': 0, 'nick_type': 2, 'speed': 0.98, 'area': '中国新疆喀什', 'score': 50, 'disable_domain': []}
2019-00-05 21:00:09 httpbin_validator.py[line:46] INFO {'ip': '203.160.163.58', 'port': '8080', 'protocol': -1, 'nick_type': -1, 'speed': -1, 'area': 'Philippines', 'score': 50, 'disable_domain': []}
2019-00-05 21:00:11 httpbin_validator.py[line:46] INFO {'ip': '182.35.83.160', 'port': '9999', 'protocol': -1, 'nick_type': -1, 'speed': -1, 'area': '山东泰安', 'score': 50, 'disable_domain': []}
2019-00-05 21:00:19 httpbin_validator.py[line:46] INFO {'ip': '117.191.11.108', 'port': '80', 'protocol': -1, 'nick_type': -1, 'speed': -1, 'area': '中国新疆伊犁', 'score': 50, 'disable_domain': []}
2019-00-05 21:00:30 httpbin_validator.py[line:46] INFO {'ip': '112.230.197.236', 'port': '63000', 'protocol': -1, 'nick_type': -1, 'speed': -1, 'area': '中国山东济南', 'score': 50, 'disable_domain': []}
2019-00-05 21:00:39 httpbin_validator.py[line:46] INFO {'ip': '75.134.84.195', 'port': '8080', 'protocol': -1, 'nick_type': -1, 'speed': -1, 'area': 'United States', 'score': 50, 'disable_domain': []}
2019-00-05 21:00:41 httpbin_validator.py[line:46] INFO {'ip': '163.204.243.147', 'port': '9999', 'protocol': -1, 'nick_type': -1, 'speed': -1, 'area': '广东', 'score': 50, 'disable_domain': []}
2019-01-05 21:01:04 httpbin_validator.py[line:46] INFO {'ip': '101.255.56.201', 'port': '36501', 'protocol': -1, 'nick_type': -1, 'speed': -1, 'area': 'UnknownUnknownUnknown', 'score': 50, 'disable_domain': []}
2019-01-05 21:01:09 httpbin_validator.py[line:46] INFO {'ip': '182.180.154.47', 'port': '3128', 'protocol': -1, 'nick_type': -1, 'speed': -1, 'area': 'Pakistan', 'score': 50, 'disable_domain': []}
2019-01-05 21:01:11 httpbin_validator.py[line:46] INFO {'ip': '163.204.247.153', 'port': '9999', 'protocol': -1, 'nick_type': -1, 'speed': -1, 'area': '广东', 'score': 50, 'disable_domain': []}
2019-01-05 21:01:26 httpbin_validator.py[line:46] INFO {'ip': '27.195.216.21', 'port': '8118', 'protocol': -1, 'nick_type': -1, 'speed': -1, 'area': '山东淄博', 'score': 50, 'disable_domain': []}
2019-01-05 21:01:36 httpbin_validator.py[line:46] INFO {'ip': '89.165.218.82', 'port': '47886', 'protocol': 2, 'nick_type': 2, 'speed': 17.27, 'area': 'UnknownUnknownUnknown', 'score': 50, 'disable_domain': []}
2019-01-05 21:01:36 mongo_pool.py[line:31] INFO 插入新的代理:{'ip': '89.165.218.82', 'port': '47886', 'protocol': 2, 'nick_type': 2, 'speed': 17.27, 'area': 'UnknownUnknownUnknown', 'score': 50, 'disable_domain': [], '_id': '89.165.218.82'}
2019-01-05 21:01:39 httpbin_validator.py[line:46] INFO {'ip': '23.95.43.171', 'port': '3128', 'protocol': -1, 'nick_type': -1, 'speed': -1, 'area': 'United States', 'score': 50, 'disable_domain': []}
2019-01-05 21:01:56 httpbin_validator.py[line:46] INFO {'ip': '123.163.97.134', 'port': '9999', 'protocol': -1, 'nick_type': -1, 'speed': -1, 'area': '河南洛阳', 'score': 50, 'disable_domain': []}
2019-02-05 21:02:07 httpbin_validator.py[line:46] INFO {'ip': '186.148.168.91', 'port': '49186', 'protocol': -1, 'nick_type': -1, 'speed': -1, 'area': 'UnknownUnknownUnknown', 'score': 50, 'disable_domain': []}
2019-02-05 21:02:10 httpbin_validator.py[line:46] INFO {'ip': '82.192.30.238', 'port': '8080', 'protocol': -1, 'nick_type': -1, 'speed': -1, 'area': 'Austria', 'score': 50, 'disable_domain': []}
2019-02-05 21:02:26 httpbin_validator.py[line:46] INFO {'ip': '163.204.243.201', 'port': '9999', 'protocol': -1, 'nick_type': -1, 'speed': -1, 'area': '广东', 'score': 50, 'disable_domain': []}
2019-02-05 21:02:28 httpbin_validator.py[line:46] INFO {'ip': '183.87.14.250', 'port': '44915', 'protocol': 1, 'nick_type': 2, 'speed': 6.64, 'area': '印度中央邦印多尔', 'score': 50, 'disable_domain': []}
2019-02-05 21:02:28 mongo_pool.py[line:31] INFO 插入新的代理:{'ip': '183.87.14.250', 'port': '44915', 'protocol': 1, 'nick_type': 2, 'speed': 6.64, 'area': '印度中央邦印多尔', 'score': 50, 'disable_domain': [], '_id': '183.87.14.250'}
2019-02-05 21:02:30 httpbin_validator.py[line:46] INFO {'ip': '198.23.143.27', 'port': '8080', 'protocol': -1, 'nick_type': -1, 'speed': -1, 'area': 'United States', 'score': 50, 'disable_domain': []}
2019-02-05 21:02:55 httpbin_validator.py[line:46] INFO {'ip': '188.133.180.25', 'port': '8080', 'protocol': 1, 'nick_type': 2, 'speed': 11.49, 'area': 'UnknownUnknownUnknown', 'score': 50, 'disable_domain': []}
2019-02-05 21:02:55 mongo_pool.py[line:31] INFO 插入新的代理:{'ip': '188.133.180.25', 'port': '8080', 'protocol': 1, 'nick_type': 2, 'speed': 11.49, 'area': 'UnknownUnknownUnknown', 'score': 50, 'disable_domain': [], '_id': '188.133.180.25'}
2019-02-05 21:02:56 httpbin_validator.py[line:46] INFO {'ip': '163.204.241.61', 'port': '9999', 'protocol': -1, 'nick_type': -1, 'speed': -1, 'area': '广东', 'score': 50, 'disable_domain': []}
2019-02-05 21:02:58 httpbin_validator.py[line:46] INFO {'ip': '112.87.71.76', 'port': '9999', 'protocol': -1, 'nick_type': -1, 'speed': -1, 'area': '江苏宿迁', 'score': 50, 'disable_domain': []}
2019-03-05 21:03:00 httpbin_validator.py[line:46] INFO {'ip': '190.186.42.124', 'port': '8080', 'protocol': -1, 'nick_type': -1, 'speed': -1, 'area': 'Bolivia', 'score': 50, 'disable_domain': []}
2019-03-05 21:03:04 httpbin_validator.py[line:46] INFO {'ip': '36.66.34.10', 'port': '8080', 'protocol': -1, 'nick_type': -1, 'speed': -1, 'area': 'Indonesia', 'score': 50, 'disable_domain': []}
2019-03-05 21:03:07 httpbin_validator.py[line:46] INFO {'ip': '84.22.46.25', 'port': '8080', 'protocol': -1, 'nick_type': -1, 'speed': -1, 'area': 'Serbia', 'score': 50, 'disable_domain': []}
2019-03-05 21:03:25 httpbin_validator.py[line:46] INFO {'ip': '94.24.233.74', 'port': '32231', 'protocol': -1, 'nick_type': -1, 'speed': -1, 'area': '俄罗斯XXXX', 'score': 50, 'disable_domain': []}
2019-03-05 21:03:28 httpbin_validator.py[line:46] INFO {'ip': '85.192.184.133', 'port': '80', 'protocol': -1, 'nick_type': -1, 'speed': -1, 'area': '俄罗斯XXXX', 'score': 50, 'disable_domain': []}
2019-03-05 21:03:28 httpbin_validator.py[line:46] INFO {'ip': '163.204.244.109', 'port': '9999', 'protocol': -1, 'nick_type': -1, 'speed': -1, 'area': '广东', 'score': 50, 'disable_domain': []}
2019-03-05 21:03:37 httpbin_validator.py[line:46] INFO {'ip': '103.19.109.186', 'port': '8088', 'protocol': -1, 'nick_type': -1, 'speed': -1, 'area': 'Indonesia', 'score': 50, 'disable_domain': []}
2019-03-05 21:03:53 httpbin_validator.py[line:46] INFO {'ip': '183.91.66.210', 'port': '80', 'protocol': 1, 'nick_type': 2, 'speed': 10.44, 'area': '印度尼西亚大雅加达雅加达', 'score': 50, 'disable_domain': []}
2019-03-05 21:03:53 mongo_pool.py[line:31] INFO 插入新的代理:{'ip': '183.91.66.210', 'port': '80', 'protocol': 1, 'nick_type': 2, 'speed': 10.44, 'area': '印度尼西亚大雅加达雅加达', 'score': 50, 'disable_domain': [], '_id': '183.91.66.210'}
2019-03-05 21:03:58 httpbin_validator.py[line:46] INFO {'ip': '163.204.243.243', 'port': '9999', 'protocol': -1, 'nick_type': -1, 'speed': -1, 'area': '广东', 'score': 50, 'disable_domain': []}
2019-04-05 21:04:07 httpbin_validator.py[line:46] INFO {'ip': '61.90.41.97', 'port': '8888', 'protocol': -1, 'nick_type': -1, 'speed': -1, 'area': 'Thailand', 'score': 50, 'disable_domain': []}
2019-04-05 21:04:16 httpbin_validator.py[line:46] INFO {'ip': '176.123.129.14', 'port': '8080', 'protocol': -1, 'nick_type': -1, 'speed': -1, 'area': 'Russian Federation', 'score': 50, 'disable_domain': []}
2019-04-05 21:04:23 httpbin_validator.py[line:46] INFO {'ip': '103.80.238.97', 'port': '53281', 'protocol': -1, 'nick_type': -1, 'speed': -1, 'area': '印度尼西亚大雅加达雅加达', 'score': 50, 'disable_domain': []}
2019-04-05 21:04:28 httpbin_validator.py[line:46] INFO {'ip': '123.163.97.235', 'port': '9999', 'protocol': -1, 'nick_type': -1, 'speed': -1, 'area': '河南洛阳', 'score': 50, 'disable_domain': []}
2019-04-05 21:04:45 httpbin_validator.py[line:46] INFO {'ip': '51.38.71.101', 'port': '8080', 'protocol': 0, 'nick_type': 2, 'speed': 7.04, 'area': '法国XXXX', 'score': 50, 'disable_domain': []}
2019-04-05 21:04:45 mongo_pool.py[line:31] INFO 插入新的代理:{'ip': '51.38.71.101', 'port': '8080', 'protocol': 0, 'nick_type': 2, 'speed': 7.04, 'area': '法国XXXX', 'score': 50, 'disable_domain': [], '_id': '51.38.71.101'}
2019-04-05 21:04:46 httpbin_validator.py[line:46] INFO {'ip': '46.39.192.48', 'port': '8080', 'protocol': -1, 'nick_type': -1, 'speed': -1, 'area': 'Spain', 'score': 50, 'disable_domain': []}
2019-04-05 21:04:58 httpbin_validator.py[line:46] INFO {'ip': '163.204.240.204', 'port': '9999', 'protocol': -1, 'nick_type': -1, 'speed': -1, 'area': '广东', 'score': 50, 'disable_domain': []}
2019-05-05 21:05:01 httpbin_validator.py[line:46] INFO {'ip': '113.124.84.124', 'port': '9999', 'protocol': -1, 'nick_type': -1, 'speed': -1, 'area': '山东烟台', 'score': 50, 'disable_domain': []}
2019-05-05 21:05:15 httpbin_validator.py[line:46] INFO {'ip': '66.181.167.72', 'port': '53281', 'protocol': -1, 'nick_type': -1, 'speed': -1, 'area': '蒙古XXXX', 'score': 50, 'disable_domain': []}
2019-05-05 21:05:16 httpbin_validator.py[line:46] INFO {'ip': '103.247.101.102', 'port': '8080', 'protocol': -1, 'nick_type': -1, 'speed': -1, 'area': 'Indonesia', 'score': 50, 'disable_domain': []}
2019-05-05 21:05:31 httpbin_validator.py[line:46] INFO {'ip': '163.204.247.48', 'port': '9999', 'protocol': -1, 'nick_type': -1, 'speed': -1, 'area': '广东', 'score': 50, 'disable_domain': []}
2019-05-05 21:05:41 httpbin_validator.py[line:46] INFO {'ip': '103.4.66.45', 'port': '8080', 'protocol': -1, 'nick_type': -1, 'speed': -1, 'area': 'Bangladesh', 'score': 50, 'disable_domain': []}
2019-05-05 21:05:52 httpbin_validator.py[line:46] INFO {'ip': '197.211.245.50', 'port': '53281', 'protocol': 2, 'nick_type': 2, 'speed': 26.4, 'area': 'UnknownUnknownUnknown', 'score': 50, 'disable_domain': []}
2019-05-05 21:05:52 mongo_pool.py[line:31] INFO 插入新的代理:{'ip': '197.211.245.50', 'port': '53281', 'protocol': 2, 'nick_type': 2, 'speed': 26.4, 'area': 'UnknownUnknownUnknown', 'score': 50, 'disable_domain': [], '_id': '197.211.245.50'}
2019-06-05 21:06:01 httpbin_validator.py[line:46] INFO {'ip': '163.204.242.198', 'port': '9999', 'protocol': -1, 'nick_type': -1, 'speed': -1, 'area': '广东', 'score': 50, 'disable_domain': []}
2019-06-05 21:06:11 httpbin_validator.py[line:46] INFO {'ip': '202.56.160.110', 'port': '8080', 'protocol': -1, 'nick_type': -1, 'speed': -1, 'area': 'Indonesia', 'score': 50, 'disable_domain': []}
2019-06-05 21:06:22 httpbin_validator.py[line:46] INFO {'ip': '181.196.242.126', 'port': '53281', 'protocol': -1, 'nick_type': -1, 'speed': -1, 'area': '厄瓜多尔XXXX', 'score': 50, 'disable_domain': []}
2019-06-05 21:06:31 httpbin_validator.py[line:46] INFO {'ip': '163.204.247.147', 'port': '9999', 'protocol': -1, 'nick_type': -1, 'speed': -1, 'area': '广东', 'score': 50, 'disable_domain': []}
2019-06-05 21:06:33 httpbin_validator.py[line:46] INFO {'ip': '1.197.16.231', 'port': '9999', 'protocol': -1, 'nick_type': -1, 'speed': -1, 'area': '河南许昌', 'score': 50, 'disable_domain': []}
2019-06-05 21:06:41 httpbin_validator.py[line:46] INFO {'ip': '78.189.178.224', 'port': '80', 'protocol': -1, 'nick_type': -1, 'speed': -1, 'area': 'Turkey', 'score': 50, 'disable_domain': []}
2019-07-05 21:07:02 httpbin_validator.py[line:46] INFO {'ip': '103.57.21.30', 'port': '53281', 'protocol': -1, 'nick_type': -1, 'speed': -1, 'area': '孟加拉XXXX', 'score': 50, 'disable_domain': []}
2019-07-05 21:07:03 httpbin_validator.py[line:46] INFO {'ip': '60.13.42.226', 'port': '9999', 'protocol': -1, 'nick_type': -1, 'speed': -1, 'area': '甘肃平凉', 'score': 50, 'disable_domain': []}
2019-07-05 21:07:11 httpbin_validator.py[line:46] INFO {'ip': '186.19.175.6', 'port': '3128', 'protocol': -1, 'nick_type': -1, 'speed': -1, 'area': 'Argentina', 'score': 50, 'disable_domain': []}
2019-07-05 21:07:33 httpbin_validator.py[line:46] INFO {'ip': '113.121.23.180', 'port': '9999', 'protocol': -1, 'nick_type': -1, 'speed': -1, 'area': '山东', 'score': 50, 'disable_domain': []}
2019-07-05 21:07:40 httpbin_validator.py[line:46] INFO {'ip': '190.14.249.114', 'port': '8181', 'protocol': 1, 'nick_type': 2, 'speed': 22.99, 'area': '哥伦比亚XXXX', 'score': 50, 'disable_domain': []}
2019-07-05 21:07:40 mongo_pool.py[line:31] INFO 插入新的代理:{'ip': '190.14.249.114', 'port': '8181', 'protocol': 1, 'nick_type': 2, 'speed': 22.99, 'area': '哥伦比亚XXXX', 'score': 50, 'disable_domain': [], '_id': '190.14.249.114'}
2019-07-05 21:07:41 httpbin_validator.py[line:46] INFO {'ip': '103.246.1.101', 'port': '8080', 'protocol': -1, 'nick_type': -1, 'speed': -1, 'area': 'Indonesia', 'score': 50, 'disable_domain': []}
2019-07-05 21:07:41 httpbin_validator.py[line:46] INFO {'ip': '178.128.40.188', 'port': '80', 'protocol': -1, 'nick_type': -1, 'speed': -1, 'area': '希腊XXXX', 'score': 50, 'disable_domain': []}
2019-07-05 21:07:42 httpbin_validator.py[line:46] INFO {'ip': '119.28.203.242', 'port': '8000', 'protocol': 0, 'nick_type': 2, 'speed': 0.55, 'area': '香港香港XX', 'score': 50, 'disable_domain': []}
2019-07-05 21:07:42 mongo_pool.py[line:33] WARNING 已经存在代理:{'ip': '119.28.203.242', 'port': '8000', 'protocol': 0, 'nick_type': 2, 'speed': 0.55, 'area': '香港香港XX', 'score': 50, 'disable_domain': []}
2019-07-05 21:07:43 httpbin_validator.py[line:46] INFO {'ip': '112.17.65.133', 'port': '8060', 'protocol': 0, 'nick_type': 2, 'speed': 0.74, 'area': '', 'score': 50, 'disable_domain': []}
2019-07-05 21:07:43 mongo_pool.py[line:33] WARNING 已经存在代理:{'ip': '112.17.65.133', 'port': '8060', 'protocol': 0, 'nick_type': 2, 'speed': 0.74, 'area': '', 'score': 50, 'disable_domain': []}
2019-07-05 21:07:43 httpbin_validator.py[line:46] INFO {'ip': '183.246.84.229', 'port': '8060', 'protocol': -1, 'nick_type': -1, 'speed': -1, 'area': '', 'score': 50, 'disable_domain': []}
2019-07-05 21:07:55 httpbin_validator.py[line:46] INFO {'ip': '119.18.153.18', 'port': '8080', 'protocol': -1, 'nick_type': -1, 'speed': -1, 'area': 'Indonesia', 'score': 50, 'disable_domain': []}
2019-08-05 21:08:03 httpbin_validator.py[line:46] INFO {'ip': '60.13.42.236', 'port': '9999', 'protocol': -1, 'nick_type': -1, 'speed': -1, 'area': '甘肃平凉', 'score': 50, 'disable_domain': []}
2019-08-05 21:08:16 httpbin_validator.py[line:46] INFO {'ip': '221.1.205.74', 'port': '8060', 'protocol': -1, 'nick_type': -1, 'speed': -1, 'area': '', 'score': 50, 'disable_domain': []}
2019-08-05 21:08:24 httpbin_validator.py[line:46] INFO {'ip': '182.35.80.8', 'port': '9999', 'protocol': 1, 'nick_type': 2, 'speed': 5.36, 'area': '山东泰安', 'score': 50, 'disable_domain': []}
2019-08-05 21:08:24 mongo_pool.py[line:31] INFO 插入新的代理:{'ip': '182.35.80.8', 'port': '9999', 'protocol': 1, 'nick_type': 2, 'speed': 5.36, 'area': '山东泰安', 'score': 50, 'disable_domain': [], '_id': '182.35.80.8'}
2019-08-05 21:08:26 httpbin_validator.py[line:46] INFO {'ip': '125.209.73.57', 'port': '8080', 'protocol': -1, 'nick_type': -1, 'speed': -1, 'area': 'Pakistan', 'score': 50, 'disable_domain': []}
2019-08-05 21:08:26 httpbin_validator.py[line:46] INFO {'ip': '59.32.37.76', 'port': '61234', 'protocol': -1, 'nick_type': -1, 'speed': -1, 'area': '广东河源', 'score': 50, 'disable_domain': []}
2019-08-05 21:08:41 httpbin_validator.py[line:46] INFO {'ip': '202.162.34.115', 'port': '53281', 'protocol': 1, 'nick_type': 2, 'speed': 9.11, 'area': '', 'score': 50, 'disable_domain': []}
2019-08-05 21:08:41 mongo_pool.py[line:31] INFO 插入新的代理:{'ip': '202.162.34.115', 'port': '53281', 'protocol': 1, 'nick_type': 2, 'speed': 9.11, 'area': '', 'score': 50, 'disable_domain': [], '_id': '202.162.34.115'}
2019-08-05 21:08:42 httpbin_validator.py[line:46] INFO {'ip': '213.136.86.234', 'port': '80', 'protocol': -1, 'nick_type': -1, 'speed': -1, 'area': '', 'score': 50, 'disable_domain': []}
2019-08-05 21:08:56 httpbin_validator.py[line:46] INFO {'ip': '186.101.113.234', 'port': '8080', 'protocol': -1, 'nick_type': -1, 'speed': -1, 'area': 'Ecuador', 'score': 50, 'disable_domain': []}
2019-08-05 21:08:56 httpbin_validator.py[line:46] INFO {'ip': '163.204.247.73', 'port': '9999', 'protocol': -1, 'nick_type': -1, 'speed': -1, 'area': '广东', 'score': 50, 'disable_domain': []}
2019-09-05 21:09:03 httpbin_validator.py[line:46] INFO {'ip': '39.137.69.6', 'port': '8080', 'protocol': -1, 'nick_type': -1, 'speed': -1, 'area': '', 'score': 50, 'disable_domain': []}
2019-09-05 21:09:03 httpbin_validator.py[line:46] INFO {'ip': '39.137.69.8', 'port': '8080', 'protocol': -1, 'nick_type': -1, 'speed': -1, 'area': '', 'score': 50, 'disable_domain': []}
2019-09-05 21:09:26 httpbin_validator.py[line:46] INFO {'ip': '36.66.242.10', 'port': '8080', 'protocol': -1, 'nick_type': -1, 'speed': -1, 'area': 'Indonesia', 'score': 50, 'disable_domain': []}
2019-09-05 21:09:26 httpbin_validator.py[line:46] INFO {'ip': '60.13.42.235', 'port': '9999', 'protocol': -1, 'nick_type': -1, 'speed': -1, 'area': '甘肃平凉', 'score': 50, 'disable_domain': []}
2019-09-05 21:09:33 httpbin_validator.py[line:46] INFO {'ip': '217.150.77.31', 'port': '53281', 'protocol': -1, 'nick_type': -1, 'speed': -1, 'area': '', 'score': 50, 'disable_domain': []}
2019-09-05 21:09:56 httpbin_validator.py[line:46] INFO {'ip': '180.250.100.66', 'port': '3128', 'protocol': -1, 'nick_type': -1, 'speed': -1, 'area': 'Indonesia', 'score': 50, 'disable_domain': []}
2019-09-05 21:09:58 httpbin_validator.py[line:46] INFO {'ip': '60.13.42.33', 'port': '9999', 'protocol': -1, 'nick_type': -1, 'speed': -1, 'area': '甘肃平凉', 'score': 50, 'disable_domain': []}
2019-10-05 21:10:06 httpbin_validator.py[line:46] INFO {'ip': '190.60.103.178', 'port': '8080', 'protocol': 0, 'nick_type': 2, 'speed': 18.02, 'area': '', 'score': 50, 'disable_domain': []}
2019-10-05 21:10:06 mongo_pool.py[line:31] INFO 插入新的代理:{'ip': '190.60.103.178', 'port': '8080', 'protocol': 0, 'nick_type': 2, 'speed': 18.02, 'area': '', 'score': 50, 'disable_domain': [], '_id': '190.60.103.178'}
2019-10-05 21:10:25 httpbin_validator.py[line:46] INFO {'ip': '88.147.244.124', 'port': '8080', 'protocol': 0, 'nick_type': 2, 'speed': 11.4, 'area': '', 'score': 50, 'disable_domain': []}
2019-10-05 21:10:25 mongo_pool.py[line:33] WARNING 已经存在代理:{'ip': '88.147.244.124', 'port': '8080', 'protocol': 0, 'nick_type': 2, 'speed': 11.4, 'area': '', 'score': 50, 'disable_domain': []}
2019-10-05 21:10:25 httpbin_validator.py[line:46] INFO {'ip': '211.136.127.125', 'port': '80', 'protocol': -1, 'nick_type': -1, 'speed': -1, 'area': '', 'score': 50, 'disable_domain': []}
2019-10-05 21:10:26 httpbin_validator.py[line:46] INFO {'ip': '94.154.222.95', 'port': '8080', 'protocol': -1, 'nick_type': -1, 'speed': -1, 'area': 'Ukraine', 'score': 50, 'disable_domain': []}
2019-10-05 21:10:28 httpbin_validator.py[line:46] INFO {'ip': '182.35.83.93', 'port': '9999', 'protocol': -1, 'nick_type': -1, 'speed': -1, 'area': '山东泰安', 'score': 50, 'disable_domain': []}
2019-10-05 21:10:31 httpbin_validator.py[line:46] INFO {'ip': '182.35.84.183', 'port': '9999', 'protocol': -1, 'nick_type': -1, 'speed': -1, 'area': '山东泰安', 'score': 50, 'disable_domain': []}
2019-10-05 21:10:55 httpbin_validator.py[line:46] INFO {'ip': '163.47.85.222', 'port': '3128', 'protocol': -1, 'nick_type': -1, 'speed': -1, 'area': '孟加拉', 'score': 50, 'disable_domain': []}
2019-10-05 21:10:56 httpbin_validator.py[line:46] INFO {'ip': '80.188.135.10', 'port': '8080', 'protocol': -1, 'nick_type': -1, 'speed': -1, 'area': 'Czech Republic', 'score': 50, 'disable_domain': []}
2019-10-05 21:10:59 httpbin_validator.py[line:46] INFO {'ip': '162.251.159.17', 'port': '8080', 'protocol': -1, 'nick_type': -1, 'speed': -1, 'area': '波多黎各', 'score': 50, 'disable_domain': []}
2019-11-05 21:11:01 httpbin_validator.py[line:46] INFO {'ip': '163.204.247.130', 'port': '9999', 'protocol': -1, 'nick_type': -1, 'speed': -1, 'area': '广东', 'score': 50, 'disable_domain': []}
2019-11-05 21:11:26 httpbin_validator.py[line:46] INFO {'ip': '83.241.46.175', 'port': '8080', 'protocol': -1, 'nick_type': -1, 'speed': -1, 'area': 'Latvia', 'score': 50, 'disable_domain': []}
2019-11-05 21:11:31 httpbin_validator.py[line:46] INFO {'ip': '60.13.42.5', 'port': '9999', 'protocol': -1, 'nick_type': -1, 'speed': -1, 'area': '甘肃平凉', 'score': 50, 'disable_domain': []}
2019-11-05 21:11:46 httpbin_validator.py[line:46] INFO {'ip': '182.35.87.248', 'port': '9999', 'protocol': -1, 'nick_type': -1, 'speed': -1, 'area': '山东泰安', 'score': 50, 'disable_domain': []}
2019-11-05 21:11:56 httpbin_validator.py[line:46] INFO {'ip': '104.236.156.162', 'port': '80', 'protocol': -1, 'nick_type': -1, 'speed': -1, 'area': 'United States', 'score': 50, 'disable_domain': []}
2019-12-05 21:12:16 httpbin_validator.py[line:46] INFO {'ip': '163.204.247.17', 'port': '9999', 'protocol': -1, 'nick_type': -1, 'speed': -1, 'area': '广东', 'score': 50, 'disable_domain': []}
2019-12-05 21:12:18 httpbin_validator.py[line:46] INFO {'ip': '182.35.80.59', 'port': '9999', 'protocol': -1, 'nick_type': -1, 'speed': -1, 'area': '山东泰安', 'score': 50, 'disable_domain': []}
2019-12-05 21:12:26 httpbin_validator.py[line:46] INFO {'ip': '190.77.134.96', 'port': '8080', 'protocol': -1, 'nick_type': -1, 'speed': -1, 'area': 'Venezuela', 'score': 50, 'disable_domain': []}
2019-12-05 21:12:48 httpbin_validator.py[line:46] INFO {'ip': '60.13.42.24', 'port': '9999', 'protocol': -1, 'nick_type': -1, 'speed': -1, 'area': '甘肃平凉', 'score': 50, 'disable_domain': []}
2019-12-05 21:12:56 httpbin_validator.py[line:46] INFO {'ip': '188.214.23.78', 'port': '80', 'protocol': -1, 'nick_type': -1, 'speed': -1, 'area': 'Romania', 'score': 50, 'disable_domain': []}
2019-13-05 21:13:18 httpbin_validator.py[line:46] INFO {'ip': '60.13.42.208', 'port': '9999', 'protocol': -1, 'nick_type': -1, 'speed': -1, 'area': '甘肃平凉', 'score': 50, 'disable_domain': []}
2019-13-05 21:13:26 httpbin_validator.py[line:46] INFO {'ip': '89.122.149.97', 'port': '3128', 'protocol': -1, 'nick_type': -1, 'speed': -1, 'area': 'Romania', 'score': 50, 'disable_domain': []}
2019-13-05 21:13:48 httpbin_validator.py[line:46] INFO {'ip': '1.198.72.89', 'port': '9999', 'protocol': -1, 'nick_type': -1, 'speed': -1, 'area': '河南', 'score': 50, 'disable_domain': []}
2019-13-05 21:13:56 httpbin_validator.py[line:46] INFO {'ip': '217.117.13.170', 'port': '8080', 'protocol': -1, 'nick_type': -1, 'speed': -1, 'area': 'Nigeria', 'score': 50, 'disable_domain': []}
2019-14-05 21:14:18 httpbin_validator.py[line:46] INFO {'ip': '112.85.173.252', 'port': '9999', 'protocol': -1, 'nick_type': -1, 'speed': -1, 'area': '江苏南通', 'score': 50, 'disable_domain': []}
2019-14-05 21:14:26 httpbin_validator.py[line:46] INFO {'ip': '46.97.0.186', 'port': '8080', 'protocol': -1, 'nick_type': -1, 'speed': -1, 'area': 'Romania', 'score': 50, 'disable_domain': []}
2019-14-05 21:14:48 httpbin_validator.py[line:46] INFO {'ip': '120.83.109.181', 'port': '9999', 'protocol': -1, 'nick_type': -1, 'speed': -1, 'area': '广东揭阳市普宁', 'score': 50, 'disable_domain': []}
2019-14-05 21:14:56 httpbin_validator.py[line:46] INFO {'ip': '107.163.117.80', 'port': '808', 'protocol': -1, 'nick_type': -1, 'speed': -1, 'area': 'United States', 'score': 50, 'disable_domain': []}
2019-15-05 21:15:18 httpbin_validator.py[line:46] INFO {'ip': '60.13.42.55', 'port': '9999', 'protocol': -1, 'nick_type': -1, 'speed': -1, 'area': '甘肃平凉', 'score': 50, 'disable_domain': []}
2019-15-05 21:15:26 httpbin_validator.py[line:46] INFO {'ip': '104.40.159.62', 'port': '8118', 'protocol': -1, 'nick_type': -1, 'speed': -1, 'area': 'Netherlands', 'score': 50, 'disable_domain': []}
2019-15-05 21:15:48 httpbin_validator.py[line:46] INFO {'ip': '163.204.242.63', 'port': '9999', 'protocol': -1, 'nick_type': -1, 'speed': -1, 'area': '广东', 'score': 50, 'disable_domain': []}
2019-15-05 21:15:56 httpbin_validator.py[line:46] INFO {'ip': '107.163.117.160', 'port': '808', 'protocol': -1, 'nick_type': -1, 'speed': -1, 'area': 'United States', 'score': 50, 'disable_domain': []}
2019-16-05 21:16:07 httpbin_validator.py[line:46] INFO {'ip': '112.85.173.121', 'port': '9999', 'protocol': -1, 'nick_type': -1, 'speed': -1, 'area': '江苏南通', 'score': 50, 'disable_domain': []}
2019-16-05 21:16:26 httpbin_validator.py[line:46] INFO {'ip': '107.163.117.58', 'port': '808', 'protocol': -1, 'nick_type': -1, 'speed': -1, 'area': 'United States', 'score': 50, 'disable_domain': []}
2019-16-05 21:16:37 httpbin_validator.py[line:46] INFO {'ip': '183.166.102.147', 'port': '9999', 'protocol': -1, 'nick_type': -1, 'speed': -1, 'area': '安徽淮南', 'score': 50, 'disable_domain': []}
2019-16-05 21:16:56 httpbin_validator.py[line:46] INFO {'ip': '107.163.117.239', 'port': '808', 'protocol': -1, 'nick_type': -1, 'speed': -1, 'area': 'United States', 'score': 50, 'disable_domain': []}
2019-17-05 21:17:07 httpbin_validator.py[line:46] INFO {'ip': '163.204.242.248', 'port': '9999', 'protocol': -1, 'nick_type': -1, 'speed': -1, 'area': '广东', 'score': 50, 'disable_domain': []}
2019-17-05 21:17:26 httpbin_validator.py[line:46] INFO {'ip': '80.79.127.140', 'port': '8080', 'protocol': -1, 'nick_type': -1, 'speed': -1, 'area': 'Estonia', 'score': 50, 'disable_domain': []}
2019-17-05 21:17:37 httpbin_validator.py[line:46] INFO {'ip': '163.204.243.128', 'port': '9999', 'protocol': -1, 'nick_type': -1, 'speed': -1, 'area': '广东', 'score': 50, 'disable_domain': []}
2019-17-05 21:17:56 httpbin_validator.py[line:46] INFO {'ip': '107.163.117.178', 'port': '808', 'protocol': -1, 'nick_type': -1, 'speed': -1, 'area': 'United States', 'score': 50, 'disable_domain': []}
2019-18-05 21:18:05 httpbin_validator.py[line:46] INFO {'ip': '120.83.107.36', 'port': '9999', 'protocol': -1, 'nick_type': -1, 'speed': -1, 'area': '广东揭阳市普宁', 'score': 50, 'disable_domain': []}
2019-18-05 21:18:26 httpbin_validator.py[line:46] INFO {'ip': '107.163.117.13', 'port': '808', 'protocol': -1, 'nick_type': -1, 'speed': -1, 'area': 'United States', 'score': 50, 'disable_domain': []}
2019-18-05 21:18:35 httpbin_validator.py[line:46] INFO {'ip': '183.166.110.39', 'port': '9999', 'protocol': -1, 'nick_type': -1, 'speed': -1, 'area': '安徽淮南', 'score': 50, 'disable_domain': []}
2019-18-05 21:18:56 httpbin_validator.py[line:46] INFO {'ip': '107.163.117.61', 'port': '808', 'protocol': -1, 'nick_type': -1, 'speed': -1, 'area': 'United States', 'score': 50, 'disable_domain': []}
2019-18-05 21:18:59 httpbin_validator.py[line:46] INFO {'ip': '111.68.123.214', 'port': '8080', 'protocol': -1, 'nick_type': -1, 'speed': -1, 'area': 'Indonesia', 'score': 50, 'disable_domain': []}
2019-19-05 21:19:05 httpbin_validator.py[line:46] INFO {'ip': '123.163.97.199', 'port': '9999', 'protocol': -1, 'nick_type': -1, 'speed': -1, 'area': '河南洛阳', 'score': 50, 'disable_domain': []}
2019-19-05 21:19:18 httpbin_validator.py[line:46] INFO {'ip': '182.35.81.133', 'port': '9999', 'protocol': 2, 'nick_type': 2, 'speed': 11.82, 'area': '山东泰安', 'score': 50, 'disable_domain': []}
2019-19-05 21:19:18 mongo_pool.py[line:31] INFO 插入新的代理:{'ip': '182.35.81.133', 'port': '9999', 'protocol': 2, 'nick_type': 2, 'speed': 11.82, 'area': '山东泰安', 'score': 50, 'disable_domain': [], '_id': '182.35.81.133'}
2019-19-05 21:19:29 httpbin_validator.py[line:46] INFO {'ip': '107.163.208.201', 'port': '808', 'protocol': -1, 'nick_type': -1, 'speed': -1, 'area': 'United States', 'score': 50, 'disable_domain': []}
2019-19-05 21:19:48 httpbin_validator.py[line:46] INFO {'ip': '113.120.37.130', 'port': '9999', 'protocol': -1, 'nick_type': -1, 'speed': -1, 'area': '山东济南', 'score': 50, 'disable_domain': []}
2019-19-05 21:19:59 httpbin_validator.py[line:46] INFO {'ip': '112.105.11.196', 'port': '8088', 'protocol': -1, 'nick_type': -1, 'speed': -1, 'area': 'Taiwan', 'score': 50, 'disable_domain': []}
2019-20-05 21:20:18 httpbin_validator.py[line:46] INFO {'ip': '60.13.42.22', 'port': '9999', 'protocol': -1, 'nick_type': -1, 'speed': -1, 'area': '甘肃平凉', 'score': 50, 'disable_domain': []}
2019-20-05 21:20:48 httpbin_validator.py[line:46] INFO {'ip': '163.204.242.238', 'port': '9999', 'protocol': -1, 'nick_type': -1, 'speed': -1, 'area': '广东', 'score': 50, 'disable_domain': []}
2019-20-05 21:20:51 httpbin_validator.py[line:46] INFO {'ip': '162.243.55.213', 'port': '8118', 'protocol': -1, 'nick_type': -1, 'speed': -1, 'area': 'United States', 'score': 50, 'disable_domain': []}
2019-21-05 21:21:18 httpbin_validator.py[line:46] INFO {'ip': '163.204.243.114', 'port': '9999', 'protocol': -1, 'nick_type': -1, 'speed': -1, 'area': '广东', 'score': 50, 'disable_domain': []}
2019-21-05 21:21:21 httpbin_validator.py[line:46] INFO {'ip': '173.164.40.13', 'port': '8118', 'protocol': -1, 'nick_type': -1, 'speed': -1, 'area': 'United States', 'score': 50, 'disable_domain': []}
2019-21-05 21:21:48 httpbin_validator.py[line:46] INFO {'ip': '163.204.242.147', 'port': '9999', 'protocol': -1, 'nick_type': -1, 'speed': -1, 'area': '广东', 'score': 50, 'disable_domain': []}
2019-21-05 21:21:51 httpbin_validator.py[line:46] INFO {'ip': '190.121.138.162', 'port': '8080', 'protocol': -1, 'nick_type': -1, 'speed': -1, 'area': 'Colombia', 'score': 50, 'disable_domain': []}
2019-22-05 21:22:18 httpbin_validator.py[line:46] INFO {'ip': '60.13.42.189', 'port': '9999', 'protocol': -1, 'nick_type': -1, 'speed': -1, 'area': '甘肃平凉', 'score': 50, 'disable_domain': []}
2019-22-05 21:22:21 httpbin_validator.py[line:46] INFO {'ip': '202.137.230.220', 'port': '80', 'protocol': -1, 'nick_type': -1, 'speed': -1, 'area': 'Indonesia', 'score': 50, 'disable_domain': []}
2019-22-05 21:22:48 httpbin_validator.py[line:46] INFO {'ip': '163.204.242.36', 'port': '9999', 'protocol': -1, 'nick_type': -1, 'speed': -1, 'area': '广东', 'score': 50, 'disable_domain': []}
2019-22-05 21:22:51 httpbin_validator.py[line:46] INFO {'ip': '152.8.244.29', 'port': '8080', 'protocol': -1, 'nick_type': -1, 'speed': -1, 'area': 'United States', 'score': 50, 'disable_domain': []}
2019-23-05 21:23:18 httpbin_validator.py[line:46] INFO {'ip': '163.204.243.206', 'port': '9999', 'protocol': -1, 'nick_type': -1, 'speed': -1, 'area': '广东', 'score': 50, 'disable_domain': []}
2019-23-05 21:23:21 httpbin_validator.py[line:46] INFO {'ip': '107.163.117.117', 'port': '808', 'protocol': -1, 'nick_type': -1, 'speed': -1, 'area': 'United States', 'score': 50, 'disable_domain': []}
2019-23-05 21:23:25 httpbin_validator.py[line:46] INFO {'ip': '37.187.7.213', 'port': '8118', 'protocol': -1, 'nick_type': -1, 'speed': -1, 'area': 'France', 'score': 50, 'disable_domain': []}
2019-23-05 21:23:48 httpbin_validator.py[line:46] INFO {'ip': '120.84.103.56', 'port': '808', 'protocol': -1, 'nick_type': -1, 'speed': -1, 'area': '广东珠海', 'score': 50, 'disable_domain': []}
